<?xml version="1.0" encoding="UTF-8"?>
<testsuites name="Login" time="163.87" tests="5" failures="1" errors="0">
   <testsuite name="Login" tests="5" failures="1" errors="0" time="163.87" skipped="0" timestamp="2022-08-17 11:42:42" hostname="Windows 10 - DESKTOP-JI6AST2.mshome.net" id="Test Suites/Login">
      <properties>
         <property name="deviceName" value=""/>
         <property name="devicePlatform" value=""/>
         <property name="logFolder" value="D:\\DOWNLOAD ONLINE\\Katalon_Studio_Windows_64-8.3.5\\FecebookTest\\Reports\\20220817_114159\\Login\\20220817_114159"/>
         <property name="logFiles" value="D:\\DOWNLOAD ONLINE\\Katalon_Studio_Windows_64-8.3.5\\FecebookTest\\Reports\\20220817_114159\\Login\\20220817_114159\\execution0.log"/>
         <property name="attachments" value=""/>
         <property name="hostName" value="Windows 10 - DESKTOP-JI6AST2.mshome.net"/>
         <property name="os" value="Windows 10 64bit"/>
         <property name="katalonVersion" value="8.3.5.208"/>
         <property name="browser" value="Chrome 104.0.5112.81"/>
         <property name="hostAddress" value="192.168.137.1"/>
         <property name="sessionId" value="ea26f970e53b8136453854942ec098e9"/>
         <property name="seleniumVersion" value="3.141.59"/>
         <property name="proxyInformation" value="ProxyInformation { proxyOption=NO_PROXY, proxyServerType=HTTP, username=, password=********, proxyServerAddress=, proxyServerPort=0, executionList=&quot;&quot;, isApplyToDesiredCapabilities=true }"/>
         <property name="platform" value="Windows 10"/>
      </properties>
      <testcase name="Test Cases/Negatif Login fb ver 2" time="35.649" classname="Test Cases/Negatif Login fb ver 2" status="PASSED">
         <system-out><![CDATA[2022-08-17 11:43:01 - [TEST_CASE][PASSED] - Test Cases/Negatif Login fb ver 2: Test Cases/Negatif Login fb ver 2

2022-08-17 11:43:01 - [TEST_STEP][PASSED] - Start listener action : sampleBeforeTestCase: null

2022-08-17 11:43:01 - [TEST_STEP][PASSED] - println(testCaseContext.getTestCaseId()): null

2022-08-17 11:43:01 - [TEST_STEP][PASSED] - println(testCaseContext.getTestCaseVariables()): null

2022-08-17 11:43:02 - [TEST_STEP][PASSED] - openBrowser(""): Browser is opened with url: ''

2022-08-17 11:43:02 - [MESSAGE][WARNING] - A browser is already opened. Closing browser and opening a new one

2022-08-17 11:43:07 - [MESSAGE][INFO] - Starting 'Chrome' driver

2022-08-17 11:43:07 - [MESSAGE][INFO] - Action delay is set to 0 milliseconds

2022-08-17 11:43:17 - [MESSAGE][PASSED] - Browser is opened with url: ''

2022-08-17 11:43:17 - [TEST_STEP][PASSED] - maximizeWindow(): Current window maximized

2022-08-17 11:43:17 - [MESSAGE][PASSED] - Current window maximized

2022-08-17 11:43:17 - [TEST_STEP][PASSED] - navigateToUrl("https://www.facebook.com/login"): Navigate to 'https://www.facebook.com/login' successfully

2022-08-17 11:43:22 - [MESSAGE][PASSED] - Navigate to 'https://www.facebook.com/login' successfully

2022-08-17 11:43:22 - [TEST_STEP][PASSED] - setText(findTestObject("Object Repository/login negatif email salah pw benar/Page_Log in to Facebook/input_Log in to Facebook_email"), "darienagree@gil.com"): Text 'darienagree@gil.com' is set on object 'Object Repository/login negatif email salah pw benar/Page_Log in to Facebook/input_Log in to Facebook_email'

2022-08-17 11:43:23 - [MESSAGE][PASSED] - Text 'darienagree@gil.com' is set on object 'Object Repository/login negatif email salah pw benar/Page_Log in to Facebook/input_Log in to Facebook_email'

2022-08-17 11:43:23 - [TEST_STEP][PASSED] - setEncryptedText(findTestObject("Object Repository/login negatif email salah pw benar/Page_Log in to Facebook/input_Log in to Facebook_pass"), "CP4kq14s4UIcGFAtz0pEkw=="): Text ****** has been set on object 'Object Repository/login negatif email salah pw benar/Page_Log in to Facebook/input_Log in to Facebook_pass'

2022-08-17 11:43:24 - [MESSAGE][PASSED] - Text ****** has been set on object 'Object Repository/login negatif email salah pw benar/Page_Log in to Facebook/input_Log in to Facebook_pass'

2022-08-17 11:43:24 - [TEST_STEP][PASSED] - click(findTestObject("Object Repository/login negatif email salah pw benar/Page_Log in to Facebook/button_Log In")): Object: 'Object Repository/login negatif email salah pw benar/Page_Log in to Facebook/button_Log In' is clicked on

2022-08-17 11:43:24 - [MESSAGE][PASSED] - Object: 'Object Repository/login negatif email salah pw benar/Page_Log in to Facebook/button_Log In' is clicked on

2022-08-17 11:43:24 - [TEST_STEP][PASSED] - waitForAlert(10): No alert found after 10 second(s).

2022-08-17 11:43:36 - [MESSAGE][WARNING] - No alert found after 10 second(s).

2022-08-17 11:43:36 - [TEST_STEP][PASSED] - closeBrowser(): Browser is closed

2022-08-17 11:43:37 - [MESSAGE][PASSED] - Browser is closed

2022-08-17 11:43:37 - [TEST_STEP][PASSED] - Start listener action : sampleAfterTestCase: null

2022-08-17 11:43:37 - [TEST_STEP][PASSED] - println(testCaseContext.getTestCaseId()): null

2022-08-17 11:43:37 - [TEST_STEP][PASSED] - println(testCaseContext.getTestCaseStatus()): null]]></system-out>
         <system-err><![CDATA[]]></system-err>
      </testcase>
      <testcase name="Test Cases/Negatif Login fb ver 3" time="26.152" classname="Test Cases/Negatif Login fb ver 3" status="PASSED">
         <system-out><![CDATA[2022-08-17 11:43:37 - [TEST_CASE][PASSED] - Test Cases/Negatif Login fb ver 3: Test Cases/Negatif Login fb ver 3

2022-08-17 11:43:37 - [TEST_STEP][PASSED] - Start listener action : sampleBeforeTestCase: null

2022-08-17 11:43:37 - [TEST_STEP][PASSED] - println(testCaseContext.getTestCaseId()): null

2022-08-17 11:43:37 - [TEST_STEP][PASSED] - println(testCaseContext.getTestCaseVariables()): null

2022-08-17 11:43:37 - [TEST_STEP][PASSED] - openBrowser(""): Browser is opened with url: ''

2022-08-17 11:43:37 - [MESSAGE][INFO] - Starting 'Chrome' driver

2022-08-17 11:43:38 - [MESSAGE][INFO] - Action delay is set to 0 milliseconds

2022-08-17 11:43:40 - [MESSAGE][PASSED] - Browser is opened with url: ''

2022-08-17 11:43:40 - [TEST_STEP][PASSED] - maximizeWindow(): Current window maximized

2022-08-17 11:43:41 - [MESSAGE][PASSED] - Current window maximized

2022-08-17 11:43:41 - [TEST_STEP][PASSED] - navigateToUrl("https://www.facebook.com/login"): Navigate to 'https://www.facebook.com/login' successfully

2022-08-17 11:43:49 - [MESSAGE][PASSED] - Navigate to 'https://www.facebook.com/login' successfully

2022-08-17 11:43:49 - [TEST_STEP][PASSED] - setText(findTestObject("Object Repository/login email gapake gmail, pw benar/Page_Log in to Facebook/input_Log in to Facebook_email"), "darienagree"): Text 'darienagree' is set on object 'Object Repository/login email gapake gmail, pw benar/Page_Log in to Facebook/input_Log in to Facebook_email'

2022-08-17 11:43:50 - [MESSAGE][PASSED] - Text 'darienagree' is set on object 'Object Repository/login email gapake gmail, pw benar/Page_Log in to Facebook/input_Log in to Facebook_email'

2022-08-17 11:43:50 - [TEST_STEP][PASSED] - setEncryptedText(findTestObject("Object Repository/login email gapake gmail, pw benar/Page_Log in to Facebook/input_Log in to Facebook_pass"), "CP4kq14s4UIcGFAtz0pEkw=="): Text ****** has been set on object 'Object Repository/login email gapake gmail, pw benar/Page_Log in to Facebook/input_Log in to Facebook_pass'

2022-08-17 11:43:51 - [MESSAGE][PASSED] - Text ****** has been set on object 'Object Repository/login email gapake gmail, pw benar/Page_Log in to Facebook/input_Log in to Facebook_pass'

2022-08-17 11:43:51 - [TEST_STEP][PASSED] - click(findTestObject("Object Repository/login email gapake gmail, pw benar/Page_Log in to Facebook/button_Log In")): Object: 'Object Repository/login email gapake gmail, pw benar/Page_Log in to Facebook/button_Log In' is clicked on

2022-08-17 11:43:51 - [MESSAGE][PASSED] - Object: 'Object Repository/login email gapake gmail, pw benar/Page_Log in to Facebook/button_Log In' is clicked on

2022-08-17 11:43:51 - [TEST_STEP][PASSED] - waitForAlert(10): No alert found after 10 second(s).

2022-08-17 11:44:01 - [MESSAGE][WARNING] - No alert found after 10 second(s).

2022-08-17 11:44:01 - [TEST_STEP][PASSED] - closeBrowser(): Browser is closed

2022-08-17 11:44:03 - [MESSAGE][PASSED] - Browser is closed

2022-08-17 11:44:03 - [TEST_STEP][PASSED] - Start listener action : sampleAfterTestCase: null

2022-08-17 11:44:03 - [TEST_STEP][PASSED] - println(testCaseContext.getTestCaseId()): null

2022-08-17 11:44:03 - [TEST_STEP][PASSED] - println(testCaseContext.getTestCaseStatus()): null]]></system-out>
         <system-err><![CDATA[]]></system-err>
      </testcase>
      <testcase name="Test Cases/Negatif Login fb ver 4" time="43.266" classname="Test Cases/Negatif Login fb ver 4" status="FAILED">
         <failure type="FAILED" message="Test Cases/Negatif Login fb ver 4 FAILED.
Reason:
com.kms.katalon.core.exception.StepFailedException: Unable to get text of object 'Object Repository/email benar, pw salah 1 huruf/Page_Log in to Facebook/alert'
	at com.kms.katalon.core.webui.keyword.internal.WebUIKeywordMain.stepFailed(WebUIKeywordMain.groovy:64)
	at com.kms.katalon.core.webui.keyword.internal.WebUIKeywordMain.runKeyword(WebUIKeywordMain.groovy:26)
	at com.kms.katalon.core.webui.keyword.builtin.GetTextKeyword.getText(GetTextKeyword.groovy:88)
	at com.kms.katalon.core.webui.keyword.builtin.GetTextKeyword.execute(GetTextKeyword.groovy:67)
	at com.kms.katalon.core.keyword.internal.KeywordExecutor.executeKeywordForPlatform(KeywordExecutor.groovy:74)
	at com.kms.katalon.core.webui.keyword.WebUiBuiltInKeywords.getText(WebUiBuiltInKeywords.groovy:918)
	at com.kms.katalon.core.webui.keyword.WebUiBuiltInKeywords$getText$7.call(Unknown Source)
	at Negatif Login fb ver 4.run(Negatif Login fb ver 4:37)
	at com.kms.katalon.core.main.ScriptEngine.run(ScriptEngine.java:194)
	at com.kms.katalon.core.main.ScriptEngine.runScriptAsRawText(ScriptEngine.java:119)
	at com.kms.katalon.core.main.TestCaseExecutor.runScript(TestCaseExecutor.java:445)
	at com.kms.katalon.core.main.TestCaseExecutor.doExecute(TestCaseExecutor.java:436)
	at com.kms.katalon.core.main.TestCaseExecutor.processExecutionPhase(TestCaseExecutor.java:415)
	at com.kms.katalon.core.main.TestCaseExecutor.accessMainPhase(TestCaseExecutor.java:407)
	at com.kms.katalon.core.main.TestCaseExecutor.execute(TestCaseExecutor.java:284)
	at com.kms.katalon.core.common.CommonExecutor.accessTestCaseMainPhase(CommonExecutor.java:65)
	at com.kms.katalon.core.main.TestSuiteExecutor.accessTestSuiteMainPhase(TestSuiteExecutor.java:144)
	at com.kms.katalon.core.main.TestSuiteExecutor.execute(TestSuiteExecutor.java:106)
	at com.kms.katalon.core.main.TestCaseMain.startTestSuite(TestCaseMain.java:185)
	at com.kms.katalon.core.main.TestCaseMain$startTestSuite$0.call(Unknown Source)
	at TempTestSuite1660711319514.run(TempTestSuite1660711319514.groovy:36)
Caused by: org.openqa.selenium.NoSuchWindowException: no such window: target window already closed
from unknown error: web view not found
  (Session info: chrome=104.0.5112.81)
Build info: version: '3.141.59', revision: 'e82be7d358', time: '2018-11-14T08:25:53'
System info: host: 'DESKTOP-JI6AST2', ip: '192.168.137.1', os.name: 'Windows 10', os.arch: 'amd64', os.version: '10.0', java.version: '1.8.0_282'
Driver info: com.kms.katalon.selenium.driver.CChromeDriver
Capabilities {acceptInsecureCerts: false, browserName: chrome, browserVersion: 104.0.5112.81, chrome: {chromedriverVersion: 103.0.5060.53 (a1711811edd7..., userDataDir: C:\Users\WINDOW~1\AppData\L...}, goog:chromeOptions: {debuggerAddress: localhost:53978}, javascriptEnabled: true, networkConnectionEnabled: false, pageLoadStrategy: normal, platform: WINDOWS, platformName: WINDOWS, proxy: Proxy(), setWindowRect: true, strictFileInteractability: false, timeouts: {implicit: 0, pageLoad: 300000, script: 30000}, unhandledPromptBehavior: dismiss and notify, webauthn:extension:credBlob: true, webauthn:extension:largeBlob: true, webauthn:virtualAuthenticators: true}
Session ID: 9404fcf937ee1093c2d327345d115822
*** Element info: {Using=xpath, value=//body/div[@id='u_0_0_MA']/div[@id='globalContainer']/div[@id='content']/div[1]/div[2]/div[2]/form[1]/div[1]/div[2]/div[2]}
	at org.openqa.selenium.remote.http.W3CHttpResponseCodec.createException(W3CHttpResponseCodec.java:187)
	at org.openqa.selenium.remote.http.W3CHttpResponseCodec.decode(W3CHttpResponseCodec.java:122)
	at org.openqa.selenium.remote.http.W3CHttpResponseCodec.decode(W3CHttpResponseCodec.java:49)
	at org.openqa.selenium.remote.HttpCommandExecutor.execute(HttpCommandExecutor.java:158)
	at org.openqa.selenium.remote.service.DriverCommandExecutor.execute(DriverCommandExecutor.java:83)
	at org.openqa.selenium.remote.RemoteWebDriver.execute(RemoteWebDriver.java:552)
	at com.kms.katalon.selenium.driver.CChromeDriver.execute(CChromeDriver.java:19)
	at org.openqa.selenium.remote.RemoteWebDriver.findElements(RemoteWebDriver.java:353)
	at org.openqa.selenium.remote.RemoteWebDriver.findElementsByXPath(RemoteWebDriver.java:432)
	at org.openqa.selenium.By$ByXPath.findElements(By.java:348)
	at org.openqa.selenium.remote.RemoteWebDriver.findElements(RemoteWebDriver.java:311)
	at org.openqa.selenium.support.events.EventFiringWebDriver.lambda$new$1(EventFiringWebDriver.java:105)
	at com.sun.proxy.$Proxy13.findElements(Unknown Source)
	at org.openqa.selenium.support.events.EventFiringWebDriver.findElements(EventFiringWebDriver.java:182)
	at com.kms.katalon.core.webui.common.WebUiCommonHelper.findElementByNormalMethods(WebUiCommonHelper.java:1016)
	at com.kms.katalon.core.webui.common.WebUiCommonHelper.findElementsBySelectedMethod(WebUiCommonHelper.java:911)
	at com.kms.katalon.core.webui.common.WebUiCommonHelper.findElementsBySelectedMethod(WebUiCommonHelper.java:894)
	at com.kms.katalon.core.webui.common.WebUiCommonHelper.findElementsBySelectedMethod(WebUiCommonHelper.java:889)
	at com.kms.katalon.core.webui.common.WebUiCommonHelper.findElementsByDefault(WebUiCommonHelper.java:885)
	at com.kms.katalon.core.webui.common.WebUiCommonHelper.findWebElements(WebUiCommonHelper.java:720)
	at com.kms.katalon.core.webui.common.WebUiCommonHelper.findWebElement(WebUiCommonHelper.java:1365)
	at com.kms.katalon.core.webui.keyword.internal.WebUIAbstractKeyword.findWebElement(WebUIAbstractKeyword.groovy:27)
	at com.kms.katalon.core.webui.keyword.internal.WebUIAbstractKeyword.findWebElement(WebUIAbstractKeyword.groovy:26)
	at com.kms.katalon.core.webui.keyword.builtin.GetTextKeyword$_getText_closure1.doCall(GetTextKeyword.groovy:78)
	at com.kms.katalon.core.webui.keyword.builtin.GetTextKeyword$_getText_closure1.call(GetTextKeyword.groovy)
	at com.kms.katalon.core.webui.keyword.internal.WebUIKeywordMain.runKeyword(WebUIKeywordMain.groovy:20)
	... 19 more
"/>
         <system-out><![CDATA[2022-08-17 11:44:03 - [TEST_CASE][FAILED] - Test Cases/Negatif Login fb ver 4: Test Cases/Negatif Login fb ver 4 FAILED.
Reason:
com.kms.katalon.core.exception.StepFailedException: Unable to get text of object 'Object Repository/email benar, pw salah 1 huruf/Page_Log in to Facebook/alert'
	at com.kms.katalon.core.webui.keyword.internal.WebUIKeywordMain.stepFailed(WebUIKeywordMain.groovy:64)
	at com.kms.katalon.core.webui.keyword.internal.WebUIKeywordMain.runKeyword(WebUIKeywordMain.groovy:26)
	at com.kms.katalon.core.webui.keyword.builtin.GetTextKeyword.getText(GetTextKeyword.groovy:88)
	at com.kms.katalon.core.webui.keyword.builtin.GetTextKeyword.execute(GetTextKeyword.groovy:67)
	at com.kms.katalon.core.keyword.internal.KeywordExecutor.executeKeywordForPlatform(KeywordExecutor.groovy:74)
	at com.kms.katalon.core.webui.keyword.WebUiBuiltInKeywords.getText(WebUiBuiltInKeywords.groovy:918)
	at com.kms.katalon.core.webui.keyword.WebUiBuiltInKeywords$getText$7.call(Unknown Source)
	at Negatif Login fb ver 4.run(Negatif Login fb ver 4:37)
	at com.kms.katalon.core.main.ScriptEngine.run(ScriptEngine.java:194)
	at com.kms.katalon.core.main.ScriptEngine.runScriptAsRawText(ScriptEngine.java:119)
	at com.kms.katalon.core.main.TestCaseExecutor.runScript(TestCaseExecutor.java:445)
	at com.kms.katalon.core.main.TestCaseExecutor.doExecute(TestCaseExecutor.java:436)
	at com.kms.katalon.core.main.TestCaseExecutor.processExecutionPhase(TestCaseExecutor.java:415)
	at com.kms.katalon.core.main.TestCaseExecutor.accessMainPhase(TestCaseExecutor.java:407)
	at com.kms.katalon.core.main.TestCaseExecutor.execute(TestCaseExecutor.java:284)
	at com.kms.katalon.core.common.CommonExecutor.accessTestCaseMainPhase(CommonExecutor.java:65)
	at com.kms.katalon.core.main.TestSuiteExecutor.accessTestSuiteMainPhase(TestSuiteExecutor.java:144)
	at com.kms.katalon.core.main.TestSuiteExecutor.execute(TestSuiteExecutor.java:106)
	at com.kms.katalon.core.main.TestCaseMain.startTestSuite(TestCaseMain.java:185)
	at com.kms.katalon.core.main.TestCaseMain$startTestSuite$0.call(Unknown Source)
	at TempTestSuite1660711319514.run(TempTestSuite1660711319514.groovy:36)
Caused by: org.openqa.selenium.NoSuchWindowException: no such window: target window already closed
from unknown error: web view not found
  (Session info: chrome=104.0.5112.81)
Build info: version: '3.141.59', revision: 'e82be7d358', time: '2018-11-14T08:25:53'
System info: host: 'DESKTOP-JI6AST2', ip: '192.168.137.1', os.name: 'Windows 10', os.arch: 'amd64', os.version: '10.0', java.version: '1.8.0_282'
Driver info: com.kms.katalon.selenium.driver.CChromeDriver
Capabilities {acceptInsecureCerts: false, browserName: chrome, browserVersion: 104.0.5112.81, chrome: {chromedriverVersion: 103.0.5060.53 (a1711811edd7..., userDataDir: C:\Users\WINDOW~1\AppData\L...}, goog:chromeOptions: {debuggerAddress: localhost:53978}, javascriptEnabled: true, networkConnectionEnabled: false, pageLoadStrategy: normal, platform: WINDOWS, platformName: WINDOWS, proxy: Proxy(), setWindowRect: true, strictFileInteractability: false, timeouts: {implicit: 0, pageLoad: 300000, script: 30000}, unhandledPromptBehavior: dismiss and notify, webauthn:extension:credBlob: true, webauthn:extension:largeBlob: true, webauthn:virtualAuthenticators: true}
Session ID: 9404fcf937ee1093c2d327345d115822
*** Element info: {Using=xpath, value=//body/div[@id='u_0_0_MA']/div[@id='globalContainer']/div[@id='content']/div[1]/div[2]/div[2]/form[1]/div[1]/div[2]/div[2]}
	at org.openqa.selenium.remote.http.W3CHttpResponseCodec.createException(W3CHttpResponseCodec.java:187)
	at org.openqa.selenium.remote.http.W3CHttpResponseCodec.decode(W3CHttpResponseCodec.java:122)
	at org.openqa.selenium.remote.http.W3CHttpResponseCodec.decode(W3CHttpResponseCodec.java:49)
	at org.openqa.selenium.remote.HttpCommandExecutor.execute(HttpCommandExecutor.java:158)
	at org.openqa.selenium.remote.service.DriverCommandExecutor.execute(DriverCommandExecutor.java:83)
	at org.openqa.selenium.remote.RemoteWebDriver.execute(RemoteWebDriver.java:552)
	at com.kms.katalon.selenium.driver.CChromeDriver.execute(CChromeDriver.java:19)
	at org.openqa.selenium.remote.RemoteWebDriver.findElements(RemoteWebDriver.java:353)
	at org.openqa.selenium.remote.RemoteWebDriver.findElementsByXPath(RemoteWebDriver.java:432)
	at org.openqa.selenium.By$ByXPath.findElements(By.java:348)
	at org.openqa.selenium.remote.RemoteWebDriver.findElements(RemoteWebDriver.java:311)
	at org.openqa.selenium.support.events.EventFiringWebDriver.lambda$new$1(EventFiringWebDriver.java:105)
	at com.sun.proxy.$Proxy13.findElements(Unknown Source)
	at org.openqa.selenium.support.events.EventFiringWebDriver.findElements(EventFiringWebDriver.java:182)
	at com.kms.katalon.core.webui.common.WebUiCommonHelper.findElementByNormalMethods(WebUiCommonHelper.java:1016)
	at com.kms.katalon.core.webui.common.WebUiCommonHelper.findElementsBySelectedMethod(WebUiCommonHelper.java:911)
	at com.kms.katalon.core.webui.common.WebUiCommonHelper.findElementsBySelectedMethod(WebUiCommonHelper.java:894)
	at com.kms.katalon.core.webui.common.WebUiCommonHelper.findElementsBySelectedMethod(WebUiCommonHelper.java:889)
	at com.kms.katalon.core.webui.common.WebUiCommonHelper.findElementsByDefault(WebUiCommonHelper.java:885)
	at com.kms.katalon.core.webui.common.WebUiCommonHelper.findWebElements(WebUiCommonHelper.java:720)
	at com.kms.katalon.core.webui.common.WebUiCommonHelper.findWebElement(WebUiCommonHelper.java:1365)
	at com.kms.katalon.core.webui.keyword.internal.WebUIAbstractKeyword.findWebElement(WebUIAbstractKeyword.groovy:27)
	at com.kms.katalon.core.webui.keyword.internal.WebUIAbstractKeyword.findWebElement(WebUIAbstractKeyword.groovy:26)
	at com.kms.katalon.core.webui.keyword.builtin.GetTextKeyword$_getText_closure1.doCall(GetTextKeyword.groovy:78)
	at com.kms.katalon.core.webui.keyword.builtin.GetTextKeyword$_getText_closure1.call(GetTextKeyword.groovy)
	at com.kms.katalon.core.webui.keyword.internal.WebUIKeywordMain.runKeyword(WebUIKeywordMain.groovy:20)
	... 19 more


2022-08-17 11:44:03 - [TEST_STEP][PASSED] - Start listener action : sampleBeforeTestCase: null

2022-08-17 11:44:03 - [TEST_STEP][PASSED] - println(testCaseContext.getTestCaseId()): null

2022-08-17 11:44:03 - [TEST_STEP][PASSED] - println(testCaseContext.getTestCaseVariables()): null

2022-08-17 11:44:04 - [TEST_STEP][PASSED] - openBrowser(""): Browser is opened with url: ''

2022-08-17 11:44:04 - [MESSAGE][INFO] - Starting 'Chrome' driver

2022-08-17 11:44:04 - [MESSAGE][INFO] - Action delay is set to 0 milliseconds

2022-08-17 11:44:10 - [MESSAGE][PASSED] - Browser is opened with url: ''

2022-08-17 11:44:10 - [TEST_STEP][PASSED] - maximizeWindow(): Current window maximized

2022-08-17 11:44:10 - [MESSAGE][PASSED] - Current window maximized

2022-08-17 11:44:10 - [TEST_STEP][PASSED] - navigateToUrl("https://www.facebook.com/login"): Navigate to 'https://www.facebook.com/login' successfully

2022-08-17 11:44:20 - [MESSAGE][PASSED] - Navigate to 'https://www.facebook.com/login' successfully

2022-08-17 11:44:20 - [TEST_STEP][PASSED] - setText(findTestObject("Object Repository/email benar, pw salah 1 huruf/Page_Log in to Facebook/input_Log in to Facebook_email"), "darienagree@gmail.com"): Text 'darienagree@gmail.com' is set on object 'Object Repository/email benar, pw salah 1 huruf/Page_Log in to Facebook/input_Log in to Facebook_email'

2022-08-17 11:44:21 - [MESSAGE][PASSED] - Text 'darienagree@gmail.com' is set on object 'Object Repository/email benar, pw salah 1 huruf/Page_Log in to Facebook/input_Log in to Facebook_email'

2022-08-17 11:44:21 - [TEST_STEP][PASSED] - setEncryptedText(findTestObject("Object Repository/email benar, pw salah 1 huruf/Page_Log in to Facebook/input_Log in to Facebook_pass"), "vQCARFRNWVUan1/SSUktaw=="): Text ****** has been set on object 'Object Repository/email benar, pw salah 1 huruf/Page_Log in to Facebook/input_Log in to Facebook_pass'

2022-08-17 11:44:22 - [MESSAGE][PASSED] - Text ****** has been set on object 'Object Repository/email benar, pw salah 1 huruf/Page_Log in to Facebook/input_Log in to Facebook_pass'

2022-08-17 11:44:22 - [TEST_STEP][PASSED] - click(findTestObject("Object Repository/email benar, pw salah 1 huruf/Page_Log in to Facebook/button_Log In")): Object: 'Object Repository/email benar, pw salah 1 huruf/Page_Log in to Facebook/button_Log In' is clicked on

2022-08-17 11:44:22 - [MESSAGE][PASSED] - Object: 'Object Repository/email benar, pw salah 1 huruf/Page_Log in to Facebook/button_Log In' is clicked on

2022-08-17 11:44:22 - [TEST_STEP][PASSED] - waitForAlert(5): No alert found after 5 second(s).

2022-08-17 11:44:27 - [MESSAGE][WARNING] - No alert found after 5 second(s).

2022-08-17 11:44:27 - [TEST_STEP][FAILED] - getText(findTestObject("email benar, pw salah 1 huruf/Page_Log in to Facebook/alert")): Unable to get text of object 'Object Repository/email benar, pw salah 1 huruf/Page_Log in to Facebook/alert' (Root cause: com.kms.katalon.core.exception.StepFailedException: Unable to get text of object 'Object Repository/email benar, pw salah 1 huruf/Page_Log in to Facebook/alert'
	at com.kms.katalon.core.webui.keyword.internal.WebUIKeywordMain.stepFailed(WebUIKeywordMain.groovy:64)
	at com.kms.katalon.core.webui.keyword.internal.WebUIKeywordMain.runKeyword(WebUIKeywordMain.groovy:26)
	at com.kms.katalon.core.webui.keyword.builtin.GetTextKeyword.getText(GetTextKeyword.groovy:88)
	at com.kms.katalon.core.webui.keyword.builtin.GetTextKeyword.execute(GetTextKeyword.groovy:67)
	at com.kms.katalon.core.keyword.internal.KeywordExecutor.executeKeywordForPlatform(KeywordExecutor.groovy:74)
	at com.kms.katalon.core.webui.keyword.WebUiBuiltInKeywords.getText(WebUiBuiltInKeywords.groovy:918)
	at com.kms.katalon.core.webui.keyword.WebUiBuiltInKeywords$getText$7.call(Unknown Source)
	at Negatif Login fb ver 4.run(Negatif Login fb ver 4:37)
	at com.kms.katalon.core.main.ScriptEngine.run(ScriptEngine.java:194)
	at com.kms.katalon.core.main.ScriptEngine.runScriptAsRawText(ScriptEngine.java:119)
	at com.kms.katalon.core.main.TestCaseExecutor.runScript(TestCaseExecutor.java:445)
	at com.kms.katalon.core.main.TestCaseExecutor.doExecute(TestCaseExecutor.java:436)
	at com.kms.katalon.core.main.TestCaseExecutor.processExecutionPhase(TestCaseExecutor.java:415)
	at com.kms.katalon.core.main.TestCaseExecutor.accessMainPhase(TestCaseExecutor.java:407)
	at com.kms.katalon.core.main.TestCaseExecutor.execute(TestCaseExecutor.java:284)
	at com.kms.katalon.core.common.CommonExecutor.accessTestCaseMainPhase(CommonExecutor.java:65)
	at com.kms.katalon.core.main.TestSuiteExecutor.accessTestSuiteMainPhase(TestSuiteExecutor.java:144)
	at com.kms.katalon.core.main.TestSuiteExecutor.execute(TestSuiteExecutor.java:106)
	at com.kms.katalon.core.main.TestCaseMain.startTestSuite(TestCaseMain.java:185)
	at com.kms.katalon.core.main.TestCaseMain$startTestSuite$0.call(Unknown Source)
	at TempTestSuite1660711319514.run(TempTestSuite1660711319514.groovy:36)
Caused by: org.openqa.selenium.NoSuchWindowException: no such window: target window already closed
from unknown error: web view not found
  (Session info: chrome=104.0.5112.81)
Build info: version: '3.141.59', revision: 'e82be7d358', time: '2018-11-14T08:25:53'
System info: host: 'DESKTOP-JI6AST2', ip: '192.168.137.1', os.name: 'Windows 10', os.arch: 'amd64', os.version: '10.0', java.version: '1.8.0_282'
Driver info: com.kms.katalon.selenium.driver.CChromeDriver
Capabilities {acceptInsecureCerts: false, browserName: chrome, browserVersion: 104.0.5112.81, chrome: {chromedriverVersion: 103.0.5060.53 (a1711811edd7..., userDataDir: C:\Users\WINDOW~1\AppData\L...}, goog:chromeOptions: {debuggerAddress: localhost:53978}, javascriptEnabled: true, networkConnectionEnabled: false, pageLoadStrategy: normal, platform: WINDOWS, platformName: WINDOWS, proxy: Proxy(), setWindowRect: true, strictFileInteractability: false, timeouts: {implicit: 0, pageLoad: 300000, script: 30000}, unhandledPromptBehavior: dismiss and notify, webauthn:extension:credBlob: true, webauthn:extension:largeBlob: true, webauthn:virtualAuthenticators: true}
Session ID: 9404fcf937ee1093c2d327345d115822
*** Element info: {Using=xpath, value=//body/div[@id='u_0_0_MA']/div[@id='globalContainer']/div[@id='content']/div[1]/div[2]/div[2]/form[1]/div[1]/div[2]/div[2]}
	at org.openqa.selenium.remote.http.W3CHttpResponseCodec.createException(W3CHttpResponseCodec.java:187)
	at org.openqa.selenium.remote.http.W3CHttpResponseCodec.decode(W3CHttpResponseCodec.java:122)
	at org.openqa.selenium.remote.http.W3CHttpResponseCodec.decode(W3CHttpResponseCodec.java:49)
	at org.openqa.selenium.remote.HttpCommandExecutor.execute(HttpCommandExecutor.java:158)
	at org.openqa.selenium.remote.service.DriverCommandExecutor.execute(DriverCommandExecutor.java:83)
	at org.openqa.selenium.remote.RemoteWebDriver.execute(RemoteWebDriver.java:552)
	at com.kms.katalon.selenium.driver.CChromeDriver.execute(CChromeDriver.java:19)
	at org.openqa.selenium.remote.RemoteWebDriver.findElements(RemoteWebDriver.java:353)
	at org.openqa.selenium.remote.RemoteWebDriver.findElementsByXPath(RemoteWebDriver.java:432)
	at org.openqa.selenium.By$ByXPath.findElements(By.java:348)
	at org.openqa.selenium.remote.RemoteWebDriver.findElements(RemoteWebDriver.java:311)
	at org.openqa.selenium.support.events.EventFiringWebDriver.lambda$new$1(EventFiringWebDriver.java:105)
	at com.sun.proxy.$Proxy13.findElements(Unknown Source)
	at org.openqa.selenium.support.events.EventFiringWebDriver.findElements(EventFiringWebDriver.java:182)
	at com.kms.katalon.core.webui.common.WebUiCommonHelper.findElementByNormalMethods(WebUiCommonHelper.java:1016)
	at com.kms.katalon.core.webui.common.WebUiCommonHelper.findElementsBySelectedMethod(WebUiCommonHelper.java:911)
	at com.kms.katalon.core.webui.common.WebUiCommonHelper.findElementsBySelectedMethod(WebUiCommonHelper.java:894)
	at com.kms.katalon.core.webui.common.WebUiCommonHelper.findElementsBySelectedMethod(WebUiCommonHelper.java:889)
	at com.kms.katalon.core.webui.common.WebUiCommonHelper.findElementsByDefault(WebUiCommonHelper.java:885)
	at com.kms.katalon.core.webui.common.WebUiCommonHelper.findWebElements(WebUiCommonHelper.java:720)
	at com.kms.katalon.core.webui.common.WebUiCommonHelper.findWebElement(WebUiCommonHelper.java:1365)
	at com.kms.katalon.core.webui.keyword.internal.WebUIAbstractKeyword.findWebElement(WebUIAbstractKeyword.groovy:27)
	at com.kms.katalon.core.webui.keyword.internal.WebUIAbstractKeyword.findWebElement(WebUIAbstractKeyword.groovy:26)
	at com.kms.katalon.core.webui.keyword.builtin.GetTextKeyword$_getText_closure1.doCall(GetTextKeyword.groovy:78)
	at com.kms.katalon.core.webui.keyword.builtin.GetTextKeyword$_getText_closure1.call(GetTextKeyword.groovy)
	at com.kms.katalon.core.webui.keyword.internal.WebUIKeywordMain.runKeyword(WebUIKeywordMain.groovy:20)
	at com.kms.katalon.core.webui.keyword.builtin.GetTextKeyword.getText(GetTextKeyword.groovy:88)
	at com.kms.katalon.core.webui.keyword.builtin.GetTextKeyword.execute(GetTextKeyword.groovy:67)
	at com.kms.katalon.core.keyword.internal.KeywordExecutor.executeKeywordForPlatform(KeywordExecutor.groovy:74)
	at com.kms.katalon.core.webui.keyword.WebUiBuiltInKeywords.getText(WebUiBuiltInKeywords.groovy:918)
	at com.kms.katalon.core.webui.keyword.WebUiBuiltInKeywords$getText$7.call(Unknown Source)
	at Script1660702262530.run(Script1660702262530.groovy:37)
	... 13 more
)

2022-08-17 11:44:46 - [MESSAGE][WARNING] - Cannot take screenshot

2022-08-17 11:44:46 - [MESSAGE][FAILED] - Unable to get text of object 'Object Repository/email benar, pw salah 1 huruf/Page_Log in to Facebook/alert' (Root cause: com.kms.katalon.core.exception.StepFailedException: Unable to get text of object 'Object Repository/email benar, pw salah 1 huruf/Page_Log in to Facebook/alert'
	at com.kms.katalon.core.webui.keyword.internal.WebUIKeywordMain.stepFailed(WebUIKeywordMain.groovy:64)
	at com.kms.katalon.core.webui.keyword.internal.WebUIKeywordMain.runKeyword(WebUIKeywordMain.groovy:26)
	at com.kms.katalon.core.webui.keyword.builtin.GetTextKeyword.getText(GetTextKeyword.groovy:88)
	at com.kms.katalon.core.webui.keyword.builtin.GetTextKeyword.execute(GetTextKeyword.groovy:67)
	at com.kms.katalon.core.keyword.internal.KeywordExecutor.executeKeywordForPlatform(KeywordExecutor.groovy:74)
	at com.kms.katalon.core.webui.keyword.WebUiBuiltInKeywords.getText(WebUiBuiltInKeywords.groovy:918)
	at com.kms.katalon.core.webui.keyword.WebUiBuiltInKeywords$getText$7.call(Unknown Source)
	at Negatif Login fb ver 4.run(Negatif Login fb ver 4:37)
	at com.kms.katalon.core.main.ScriptEngine.run(ScriptEngine.java:194)
	at com.kms.katalon.core.main.ScriptEngine.runScriptAsRawText(ScriptEngine.java:119)
	at com.kms.katalon.core.main.TestCaseExecutor.runScript(TestCaseExecutor.java:445)
	at com.kms.katalon.core.main.TestCaseExecutor.doExecute(TestCaseExecutor.java:436)
	at com.kms.katalon.core.main.TestCaseExecutor.processExecutionPhase(TestCaseExecutor.java:415)
	at com.kms.katalon.core.main.TestCaseExecutor.accessMainPhase(TestCaseExecutor.java:407)
	at com.kms.katalon.core.main.TestCaseExecutor.execute(TestCaseExecutor.java:284)
	at com.kms.katalon.core.common.CommonExecutor.accessTestCaseMainPhase(CommonExecutor.java:65)
	at com.kms.katalon.core.main.TestSuiteExecutor.accessTestSuiteMainPhase(TestSuiteExecutor.java:144)
	at com.kms.katalon.core.main.TestSuiteExecutor.execute(TestSuiteExecutor.java:106)
	at com.kms.katalon.core.main.TestCaseMain.startTestSuite(TestCaseMain.java:185)
	at com.kms.katalon.core.main.TestCaseMain$startTestSuite$0.call(Unknown Source)
	at TempTestSuite1660711319514.run(TempTestSuite1660711319514.groovy:36)
Caused by: org.openqa.selenium.NoSuchWindowException: no such window: target window already closed
from unknown error: web view not found
  (Session info: chrome=104.0.5112.81)
Build info: version: '3.141.59', revision: 'e82be7d358', time: '2018-11-14T08:25:53'
System info: host: 'DESKTOP-JI6AST2', ip: '192.168.137.1', os.name: 'Windows 10', os.arch: 'amd64', os.version: '10.0', java.version: '1.8.0_282'
Driver info: com.kms.katalon.selenium.driver.CChromeDriver
Capabilities {acceptInsecureCerts: false, browserName: chrome, browserVersion: 104.0.5112.81, chrome: {chromedriverVersion: 103.0.5060.53 (a1711811edd7..., userDataDir: C:\Users\WINDOW~1\AppData\L...}, goog:chromeOptions: {debuggerAddress: localhost:53978}, javascriptEnabled: true, networkConnectionEnabled: false, pageLoadStrategy: normal, platform: WINDOWS, platformName: WINDOWS, proxy: Proxy(), setWindowRect: true, strictFileInteractability: false, timeouts: {implicit: 0, pageLoad: 300000, script: 30000}, unhandledPromptBehavior: dismiss and notify, webauthn:extension:credBlob: true, webauthn:extension:largeBlob: true, webauthn:virtualAuthenticators: true}
Session ID: 9404fcf937ee1093c2d327345d115822
*** Element info: {Using=xpath, value=//body/div[@id='u_0_0_MA']/div[@id='globalContainer']/div[@id='content']/div[1]/div[2]/div[2]/form[1]/div[1]/div[2]/div[2]}
	at org.openqa.selenium.remote.http.W3CHttpResponseCodec.createException(W3CHttpResponseCodec.java:187)
	at org.openqa.selenium.remote.http.W3CHttpResponseCodec.decode(W3CHttpResponseCodec.java:122)
	at org.openqa.selenium.remote.http.W3CHttpResponseCodec.decode(W3CHttpResponseCodec.java:49)
	at org.openqa.selenium.remote.HttpCommandExecutor.execute(HttpCommandExecutor.java:158)
	at org.openqa.selenium.remote.service.DriverCommandExecutor.execute(DriverCommandExecutor.java:83)
	at org.openqa.selenium.remote.RemoteWebDriver.execute(RemoteWebDriver.java:552)
	at com.kms.katalon.selenium.driver.CChromeDriver.execute(CChromeDriver.java:19)
	at org.openqa.selenium.remote.RemoteWebDriver.findElements(RemoteWebDriver.java:353)
	at org.openqa.selenium.remote.RemoteWebDriver.findElementsByXPath(RemoteWebDriver.java:432)
	at org.openqa.selenium.By$ByXPath.findElements(By.java:348)
	at org.openqa.selenium.remote.RemoteWebDriver.findElements(RemoteWebDriver.java:311)
	at org.openqa.selenium.support.events.EventFiringWebDriver.lambda$new$1(EventFiringWebDriver.java:105)
	at com.sun.proxy.$Proxy13.findElements(Unknown Source)
	at org.openqa.selenium.support.events.EventFiringWebDriver.findElements(EventFiringWebDriver.java:182)
	at com.kms.katalon.core.webui.common.WebUiCommonHelper.findElementByNormalMethods(WebUiCommonHelper.java:1016)
	at com.kms.katalon.core.webui.common.WebUiCommonHelper.findElementsBySelectedMethod(WebUiCommonHelper.java:911)
	at com.kms.katalon.core.webui.common.WebUiCommonHelper.findElementsBySelectedMethod(WebUiCommonHelper.java:894)
	at com.kms.katalon.core.webui.common.WebUiCommonHelper.findElementsBySelectedMethod(WebUiCommonHelper.java:889)
	at com.kms.katalon.core.webui.common.WebUiCommonHelper.findElementsByDefault(WebUiCommonHelper.java:885)
	at com.kms.katalon.core.webui.common.WebUiCommonHelper.findWebElements(WebUiCommonHelper.java:720)
	at com.kms.katalon.core.webui.common.WebUiCommonHelper.findWebElement(WebUiCommonHelper.java:1365)
	at com.kms.katalon.core.webui.keyword.internal.WebUIAbstractKeyword.findWebElement(WebUIAbstractKeyword.groovy:27)
	at com.kms.katalon.core.webui.keyword.internal.WebUIAbstractKeyword.findWebElement(WebUIAbstractKeyword.groovy:26)
	at com.kms.katalon.core.webui.keyword.builtin.GetTextKeyword$_getText_closure1.doCall(GetTextKeyword.groovy:78)
	at com.kms.katalon.core.webui.keyword.builtin.GetTextKeyword$_getText_closure1.call(GetTextKeyword.groovy)
	at com.kms.katalon.core.webui.keyword.internal.WebUIKeywordMain.runKeyword(WebUIKeywordMain.groovy:20)
	at com.kms.katalon.core.webui.keyword.builtin.GetTextKeyword.getText(GetTextKeyword.groovy:88)
	at com.kms.katalon.core.webui.keyword.builtin.GetTextKeyword.execute(GetTextKeyword.groovy:67)
	at com.kms.katalon.core.keyword.internal.KeywordExecutor.executeKeywordForPlatform(KeywordExecutor.groovy:74)
	at com.kms.katalon.core.webui.keyword.WebUiBuiltInKeywords.getText(WebUiBuiltInKeywords.groovy:918)
	at com.kms.katalon.core.webui.keyword.WebUiBuiltInKeywords$getText$7.call(Unknown Source)
	at Script1660702262530.run(Script1660702262530.groovy:37)
	... 13 more
)

2022-08-17 11:44:46 - [TEST_STEP][PASSED] - Start listener action : sampleAfterTestCase: null

2022-08-17 11:44:46 - [TEST_STEP][PASSED] - println(testCaseContext.getTestCaseId()): null

2022-08-17 11:44:46 - [TEST_STEP][PASSED] - println(testCaseContext.getTestCaseStatus()): null]]></system-out>
         <system-err><![CDATA[2022-08-17 11:44:03 - [TEST_CASE][FAILED] - Test Cases/Negatif Login fb ver 4: Test Cases/Negatif Login fb ver 4 FAILED.
Reason:
com.kms.katalon.core.exception.StepFailedException: Unable to get text of object 'Object Repository/email benar, pw salah 1 huruf/Page_Log in to Facebook/alert'
	at com.kms.katalon.core.webui.keyword.internal.WebUIKeywordMain.stepFailed(WebUIKeywordMain.groovy:64)
	at com.kms.katalon.core.webui.keyword.internal.WebUIKeywordMain.runKeyword(WebUIKeywordMain.groovy:26)
	at com.kms.katalon.core.webui.keyword.builtin.GetTextKeyword.getText(GetTextKeyword.groovy:88)
	at com.kms.katalon.core.webui.keyword.builtin.GetTextKeyword.execute(GetTextKeyword.groovy:67)
	at com.kms.katalon.core.keyword.internal.KeywordExecutor.executeKeywordForPlatform(KeywordExecutor.groovy:74)
	at com.kms.katalon.core.webui.keyword.WebUiBuiltInKeywords.getText(WebUiBuiltInKeywords.groovy:918)
	at com.kms.katalon.core.webui.keyword.WebUiBuiltInKeywords$getText$7.call(Unknown Source)
	at Negatif Login fb ver 4.run(Negatif Login fb ver 4:37)
	at com.kms.katalon.core.main.ScriptEngine.run(ScriptEngine.java:194)
	at com.kms.katalon.core.main.ScriptEngine.runScriptAsRawText(ScriptEngine.java:119)
	at com.kms.katalon.core.main.TestCaseExecutor.runScript(TestCaseExecutor.java:445)
	at com.kms.katalon.core.main.TestCaseExecutor.doExecute(TestCaseExecutor.java:436)
	at com.kms.katalon.core.main.TestCaseExecutor.processExecutionPhase(TestCaseExecutor.java:415)
	at com.kms.katalon.core.main.TestCaseExecutor.accessMainPhase(TestCaseExecutor.java:407)
	at com.kms.katalon.core.main.TestCaseExecutor.execute(TestCaseExecutor.java:284)
	at com.kms.katalon.core.common.CommonExecutor.accessTestCaseMainPhase(CommonExecutor.java:65)
	at com.kms.katalon.core.main.TestSuiteExecutor.accessTestSuiteMainPhase(TestSuiteExecutor.java:144)
	at com.kms.katalon.core.main.TestSuiteExecutor.execute(TestSuiteExecutor.java:106)
	at com.kms.katalon.core.main.TestCaseMain.startTestSuite(TestCaseMain.java:185)
	at com.kms.katalon.core.main.TestCaseMain$startTestSuite$0.call(Unknown Source)
	at TempTestSuite1660711319514.run(TempTestSuite1660711319514.groovy:36)
Caused by: org.openqa.selenium.NoSuchWindowException: no such window: target window already closed
from unknown error: web view not found
  (Session info: chrome=104.0.5112.81)
Build info: version: '3.141.59', revision: 'e82be7d358', time: '2018-11-14T08:25:53'
System info: host: 'DESKTOP-JI6AST2', ip: '192.168.137.1', os.name: 'Windows 10', os.arch: 'amd64', os.version: '10.0', java.version: '1.8.0_282'
Driver info: com.kms.katalon.selenium.driver.CChromeDriver
Capabilities {acceptInsecureCerts: false, browserName: chrome, browserVersion: 104.0.5112.81, chrome: {chromedriverVersion: 103.0.5060.53 (a1711811edd7..., userDataDir: C:\Users\WINDOW~1\AppData\L...}, goog:chromeOptions: {debuggerAddress: localhost:53978}, javascriptEnabled: true, networkConnectionEnabled: false, pageLoadStrategy: normal, platform: WINDOWS, platformName: WINDOWS, proxy: Proxy(), setWindowRect: true, strictFileInteractability: false, timeouts: {implicit: 0, pageLoad: 300000, script: 30000}, unhandledPromptBehavior: dismiss and notify, webauthn:extension:credBlob: true, webauthn:extension:largeBlob: true, webauthn:virtualAuthenticators: true}
Session ID: 9404fcf937ee1093c2d327345d115822
*** Element info: {Using=xpath, value=//body/div[@id='u_0_0_MA']/div[@id='globalContainer']/div[@id='content']/div[1]/div[2]/div[2]/form[1]/div[1]/div[2]/div[2]}
	at org.openqa.selenium.remote.http.W3CHttpResponseCodec.createException(W3CHttpResponseCodec.java:187)
	at org.openqa.selenium.remote.http.W3CHttpResponseCodec.decode(W3CHttpResponseCodec.java:122)
	at org.openqa.selenium.remote.http.W3CHttpResponseCodec.decode(W3CHttpResponseCodec.java:49)
	at org.openqa.selenium.remote.HttpCommandExecutor.execute(HttpCommandExecutor.java:158)
	at org.openqa.selenium.remote.service.DriverCommandExecutor.execute(DriverCommandExecutor.java:83)
	at org.openqa.selenium.remote.RemoteWebDriver.execute(RemoteWebDriver.java:552)
	at com.kms.katalon.selenium.driver.CChromeDriver.execute(CChromeDriver.java:19)
	at org.openqa.selenium.remote.RemoteWebDriver.findElements(RemoteWebDriver.java:353)
	at org.openqa.selenium.remote.RemoteWebDriver.findElementsByXPath(RemoteWebDriver.java:432)
	at org.openqa.selenium.By$ByXPath.findElements(By.java:348)
	at org.openqa.selenium.remote.RemoteWebDriver.findElements(RemoteWebDriver.java:311)
	at org.openqa.selenium.support.events.EventFiringWebDriver.lambda$new$1(EventFiringWebDriver.java:105)
	at com.sun.proxy.$Proxy13.findElements(Unknown Source)
	at org.openqa.selenium.support.events.EventFiringWebDriver.findElements(EventFiringWebDriver.java:182)
	at com.kms.katalon.core.webui.common.WebUiCommonHelper.findElementByNormalMethods(WebUiCommonHelper.java:1016)
	at com.kms.katalon.core.webui.common.WebUiCommonHelper.findElementsBySelectedMethod(WebUiCommonHelper.java:911)
	at com.kms.katalon.core.webui.common.WebUiCommonHelper.findElementsBySelectedMethod(WebUiCommonHelper.java:894)
	at com.kms.katalon.core.webui.common.WebUiCommonHelper.findElementsBySelectedMethod(WebUiCommonHelper.java:889)
	at com.kms.katalon.core.webui.common.WebUiCommonHelper.findElementsByDefault(WebUiCommonHelper.java:885)
	at com.kms.katalon.core.webui.common.WebUiCommonHelper.findWebElements(WebUiCommonHelper.java:720)
	at com.kms.katalon.core.webui.common.WebUiCommonHelper.findWebElement(WebUiCommonHelper.java:1365)
	at com.kms.katalon.core.webui.keyword.internal.WebUIAbstractKeyword.findWebElement(WebUIAbstractKeyword.groovy:27)
	at com.kms.katalon.core.webui.keyword.internal.WebUIAbstractKeyword.findWebElement(WebUIAbstractKeyword.groovy:26)
	at com.kms.katalon.core.webui.keyword.builtin.GetTextKeyword$_getText_closure1.doCall(GetTextKeyword.groovy:78)
	at com.kms.katalon.core.webui.keyword.builtin.GetTextKeyword$_getText_closure1.call(GetTextKeyword.groovy)
	at com.kms.katalon.core.webui.keyword.internal.WebUIKeywordMain.runKeyword(WebUIKeywordMain.groovy:20)
	... 19 more]]></system-err>
      </testcase>
      <testcase name="Test Cases/Negatif Login fb" time="25.443" classname="Test Cases/Negatif Login fb" status="PASSED">
         <system-out><![CDATA[2022-08-17 11:44:47 - [TEST_CASE][PASSED] - Test Cases/Negatif Login fb: Test Cases/Negatif Login fb

2022-08-17 11:44:47 - [TEST_STEP][PASSED] - Start listener action : sampleBeforeTestCase: null

2022-08-17 11:44:47 - [TEST_STEP][PASSED] - println(testCaseContext.getTestCaseId()): null

2022-08-17 11:44:47 - [TEST_STEP][PASSED] - println(testCaseContext.getTestCaseVariables()): null

2022-08-17 11:44:47 - [TEST_STEP][PASSED] - openBrowser(""): Browser is opened with url: ''

2022-08-17 11:44:47 - [MESSAGE][WARNING] - A browser is already opened. Closing browser and opening a new one

2022-08-17 11:44:49 - [MESSAGE][INFO] - Starting 'Chrome' driver

2022-08-17 11:44:49 - [MESSAGE][INFO] - Action delay is set to 0 milliseconds

2022-08-17 11:44:56 - [MESSAGE][PASSED] - Browser is opened with url: ''

2022-08-17 11:44:56 - [TEST_STEP][PASSED] - maximizeWindow(): Current window maximized

2022-08-17 11:44:56 - [MESSAGE][PASSED] - Current window maximized

2022-08-17 11:44:56 - [TEST_STEP][PASSED] - navigateToUrl("https://www.facebook.com/login"): Navigate to 'https://www.facebook.com/login' successfully

2022-08-17 11:45:02 - [MESSAGE][PASSED] - Navigate to 'https://www.facebook.com/login' successfully

2022-08-17 11:45:02 - [TEST_STEP][PASSED] - setText(findTestObject("Object Repository/login negatif/Page_Log in to Facebook/input_Log in to Facebook_email"), "darienagree@gmail.com"): Text 'darienagree@gmail.com' is set on object 'Object Repository/login negatif/Page_Log in to Facebook/input_Log in to Facebook_email'

2022-08-17 11:45:04 - [MESSAGE][PASSED] - Text 'darienagree@gmail.com' is set on object 'Object Repository/login negatif/Page_Log in to Facebook/input_Log in to Facebook_email'

2022-08-17 11:45:04 - [TEST_STEP][PASSED] - setEncryptedText(findTestObject("Object Repository/login negatif/Page_Log in to Facebook/input_Log in to Facebook_pass"), "OLUQhjYwpvB4kdu1+lGVeA=="): Text ****** has been set on object 'Object Repository/login negatif/Page_Log in to Facebook/input_Log in to Facebook_pass'

2022-08-17 11:45:05 - [MESSAGE][PASSED] - Text ****** has been set on object 'Object Repository/login negatif/Page_Log in to Facebook/input_Log in to Facebook_pass'

2022-08-17 11:45:05 - [TEST_STEP][PASSED] - click(findTestObject("Object Repository/login negatif/Page_Log in to Facebook/button_Log In")): Object: 'Object Repository/login negatif/Page_Log in to Facebook/button_Log In' is clicked on

2022-08-17 11:45:05 - [MESSAGE][PASSED] - Object: 'Object Repository/login negatif/Page_Log in to Facebook/button_Log In' is clicked on

2022-08-17 11:45:05 - [TEST_STEP][PASSED] - waitForAlert(5, STOP_ON_FAILURE): No alert found after 5 second(s).

2022-08-17 11:45:11 - [MESSAGE][WARNING] - No alert found after 5 second(s).

2022-08-17 11:45:11 - [TEST_STEP][PASSED] - closeBrowser(): Browser is closed

2022-08-17 11:45:12 - [MESSAGE][PASSED] - Browser is closed

2022-08-17 11:45:12 - [TEST_STEP][PASSED] - Start listener action : sampleAfterTestCase: null

2022-08-17 11:45:12 - [TEST_STEP][PASSED] - println(testCaseContext.getTestCaseId()): null

2022-08-17 11:45:12 - [TEST_STEP][PASSED] - println(testCaseContext.getTestCaseStatus()): null]]></system-out>
         <system-err><![CDATA[]]></system-err>
      </testcase>
      <testcase name="Test Cases/Positif Login fb" time="13.276" classname="Test Cases/Positif Login fb" status="PASSED">
         <system-out><![CDATA[2022-08-17 11:45:12 - [TEST_CASE][PASSED] - Test Cases/Positif Login fb: Test Cases/Positif Login fb

2022-08-17 11:45:13 - [TEST_STEP][PASSED] - Start listener action : sampleBeforeTestCase: null

2022-08-17 11:45:13 - [TEST_STEP][PASSED] - println(testCaseContext.getTestCaseId()): null

2022-08-17 11:45:13 - [TEST_STEP][PASSED] - println(testCaseContext.getTestCaseVariables()): null

2022-08-17 11:45:13 - [TEST_STEP][PASSED] - openBrowser(""): Browser is opened with url: ''

2022-08-17 11:45:13 - [MESSAGE][INFO] - Starting 'Chrome' driver

2022-08-17 11:45:13 - [MESSAGE][INFO] - Action delay is set to 0 milliseconds

2022-08-17 11:45:16 - [MESSAGE][PASSED] - Browser is opened with url: ''

2022-08-17 11:45:16 - [TEST_STEP][PASSED] - maximizeWindow(): Current window maximized

2022-08-17 11:45:16 - [MESSAGE][PASSED] - Current window maximized

2022-08-17 11:45:16 - [TEST_STEP][PASSED] - navigateToUrl("https://www.facebook.com/login"): Navigate to 'https://www.facebook.com/login' successfully

2022-08-17 11:45:22 - [MESSAGE][PASSED] - Navigate to 'https://www.facebook.com/login' successfully

2022-08-17 11:45:22 - [TEST_STEP][PASSED] - setText(findTestObject("Object Repository/Page_Log in to Facebook/input_Log in to Facebook_email"), "darienagree@gmail.com"): Text 'darienagree@gmail.com' is set on object 'Object Repository/Page_Log in to Facebook/input_Log in to Facebook_email'

2022-08-17 11:45:24 - [MESSAGE][PASSED] - Text 'darienagree@gmail.com' is set on object 'Object Repository/Page_Log in to Facebook/input_Log in to Facebook_email'

2022-08-17 11:45:24 - [TEST_STEP][PASSED] - setEncryptedText(findTestObject("Object Repository/Page_Log in to Facebook/input_Log in to Facebook_pass"), "CP4kq14s4UIcGFAtz0pEkw=="): Text ****** has been set on object 'Object Repository/Page_Log in to Facebook/input_Log in to Facebook_pass'

2022-08-17 11:45:24 - [MESSAGE][PASSED] - Text ****** has been set on object 'Object Repository/Page_Log in to Facebook/input_Log in to Facebook_pass'

2022-08-17 11:45:24 - [TEST_STEP][PASSED] - click(findTestObject("Object Repository/Page_Log in to Facebook/button_Log In")): Object: 'Object Repository/Page_Log in to Facebook/button_Log In' is clicked on

2022-08-17 11:45:25 - [MESSAGE][PASSED] - Object: 'Object Repository/Page_Log in to Facebook/button_Log In' is clicked on

2022-08-17 11:45:25 - [TEST_STEP][PASSED] - closeBrowser(): Browser is closed

2022-08-17 11:45:26 - [MESSAGE][PASSED] - Browser is closed

2022-08-17 11:45:26 - [TEST_STEP][PASSED] - Start listener action : sampleAfterTestCase: null

2022-08-17 11:45:26 - [TEST_STEP][PASSED] - println(testCaseContext.getTestCaseId()): null

2022-08-17 11:45:26 - [TEST_STEP][PASSED] - println(testCaseContext.getTestCaseStatus()): null]]></system-out>
         <system-err><![CDATA[]]></system-err>
      </testcase>
      <system-out><![CDATA[2022-08-17 11:42:42 - [TEST_SUITE][FAILED] - Login: Test Cases/Negatif Login fb ver 4 FAILED.
Reason:
com.kms.katalon.core.exception.StepFailedException: Unable to get text of object 'Object Repository/email benar, pw salah 1 huruf/Page_Log in to Facebook/alert'
	at com.kms.katalon.core.webui.keyword.internal.WebUIKeywordMain.stepFailed(WebUIKeywordMain.groovy:64)
	at com.kms.katalon.core.webui.keyword.internal.WebUIKeywordMain.runKeyword(WebUIKeywordMain.groovy:26)
	at com.kms.katalon.core.webui.keyword.builtin.GetTextKeyword.getText(GetTextKeyword.groovy:88)
	at com.kms.katalon.core.webui.keyword.builtin.GetTextKeyword.execute(GetTextKeyword.groovy:67)
	at com.kms.katalon.core.keyword.internal.KeywordExecutor.executeKeywordForPlatform(KeywordExecutor.groovy:74)
	at com.kms.katalon.core.webui.keyword.WebUiBuiltInKeywords.getText(WebUiBuiltInKeywords.groovy:918)
	at com.kms.katalon.core.webui.keyword.WebUiBuiltInKeywords$getText$7.call(Unknown Source)
	at Negatif Login fb ver 4.run(Negatif Login fb ver 4:37)
	at com.kms.katalon.core.main.ScriptEngine.run(ScriptEngine.java:194)
	at com.kms.katalon.core.main.ScriptEngine.runScriptAsRawText(ScriptEngine.java:119)
	at com.kms.katalon.core.main.TestCaseExecutor.runScript(TestCaseExecutor.java:445)
	at com.kms.katalon.core.main.TestCaseExecutor.doExecute(TestCaseExecutor.java:436)
	at com.kms.katalon.core.main.TestCaseExecutor.processExecutionPhase(TestCaseExecutor.java:415)
	at com.kms.katalon.core.main.TestCaseExecutor.accessMainPhase(TestCaseExecutor.java:407)
	at com.kms.katalon.core.main.TestCaseExecutor.execute(TestCaseExecutor.java:284)
	at com.kms.katalon.core.common.CommonExecutor.accessTestCaseMainPhase(CommonExecutor.java:65)
	at com.kms.katalon.core.main.TestSuiteExecutor.accessTestSuiteMainPhase(TestSuiteExecutor.java:144)
	at com.kms.katalon.core.main.TestSuiteExecutor.execute(TestSuiteExecutor.java:106)
	at com.kms.katalon.core.main.TestCaseMain.startTestSuite(TestCaseMain.java:185)
	at com.kms.katalon.core.main.TestCaseMain$startTestSuite$0.call(Unknown Source)
	at TempTestSuite1660711319514.run(TempTestSuite1660711319514.groovy:36)
Caused by: org.openqa.selenium.NoSuchWindowException: no such window: target window already closed
from unknown error: web view not found
  (Session info: chrome=104.0.5112.81)
Build info: version: '3.141.59', revision: 'e82be7d358', time: '2018-11-14T08:25:53'
System info: host: 'DESKTOP-JI6AST2', ip: '192.168.137.1', os.name: 'Windows 10', os.arch: 'amd64', os.version: '10.0', java.version: '1.8.0_282'
Driver info: com.kms.katalon.selenium.driver.CChromeDriver
Capabilities {acceptInsecureCerts: false, browserName: chrome, browserVersion: 104.0.5112.81, chrome: {chromedriverVersion: 103.0.5060.53 (a1711811edd7..., userDataDir: C:\Users\WINDOW~1\AppData\L...}, goog:chromeOptions: {debuggerAddress: localhost:53978}, javascriptEnabled: true, networkConnectionEnabled: false, pageLoadStrategy: normal, platform: WINDOWS, platformName: WINDOWS, proxy: Proxy(), setWindowRect: true, strictFileInteractability: false, timeouts: {implicit: 0, pageLoad: 300000, script: 30000}, unhandledPromptBehavior: dismiss and notify, webauthn:extension:credBlob: true, webauthn:extension:largeBlob: true, webauthn:virtualAuthenticators: true}
Session ID: 9404fcf937ee1093c2d327345d115822
*** Element info: {Using=xpath, value=//body/div[@id='u_0_0_MA']/div[@id='globalContainer']/div[@id='content']/div[1]/div[2]/div[2]/form[1]/div[1]/div[2]/div[2]}
	at org.openqa.selenium.remote.http.W3CHttpResponseCodec.createException(W3CHttpResponseCodec.java:187)
	at org.openqa.selenium.remote.http.W3CHttpResponseCodec.decode(W3CHttpResponseCodec.java:122)
	at org.openqa.selenium.remote.http.W3CHttpResponseCodec.decode(W3CHttpResponseCodec.java:49)
	at org.openqa.selenium.remote.HttpCommandExecutor.execute(HttpCommandExecutor.java:158)
	at org.openqa.selenium.remote.service.DriverCommandExecutor.execute(DriverCommandExecutor.java:83)
	at org.openqa.selenium.remote.RemoteWebDriver.execute(RemoteWebDriver.java:552)
	at com.kms.katalon.selenium.driver.CChromeDriver.execute(CChromeDriver.java:19)
	at org.openqa.selenium.remote.RemoteWebDriver.findElements(RemoteWebDriver.java:353)
	at org.openqa.selenium.remote.RemoteWebDriver.findElementsByXPath(RemoteWebDriver.java:432)
	at org.openqa.selenium.By$ByXPath.findElements(By.java:348)
	at org.openqa.selenium.remote.RemoteWebDriver.findElements(RemoteWebDriver.java:311)
	at org.openqa.selenium.support.events.EventFiringWebDriver.lambda$new$1(EventFiringWebDriver.java:105)
	at com.sun.proxy.$Proxy13.findElements(Unknown Source)
	at org.openqa.selenium.support.events.EventFiringWebDriver.findElements(EventFiringWebDriver.java:182)
	at com.kms.katalon.core.webui.common.WebUiCommonHelper.findElementByNormalMethods(WebUiCommonHelper.java:1016)
	at com.kms.katalon.core.webui.common.WebUiCommonHelper.findElementsBySelectedMethod(WebUiCommonHelper.java:911)
	at com.kms.katalon.core.webui.common.WebUiCommonHelper.findElementsBySelectedMethod(WebUiCommonHelper.java:894)
	at com.kms.katalon.core.webui.common.WebUiCommonHelper.findElementsBySelectedMethod(WebUiCommonHelper.java:889)
	at com.kms.katalon.core.webui.common.WebUiCommonHelper.findElementsByDefault(WebUiCommonHelper.java:885)
	at com.kms.katalon.core.webui.common.WebUiCommonHelper.findWebElements(WebUiCommonHelper.java:720)
	at com.kms.katalon.core.webui.common.WebUiCommonHelper.findWebElement(WebUiCommonHelper.java:1365)
	at com.kms.katalon.core.webui.keyword.internal.WebUIAbstractKeyword.findWebElement(WebUIAbstractKeyword.groovy:27)
	at com.kms.katalon.core.webui.keyword.internal.WebUIAbstractKeyword.findWebElement(WebUIAbstractKeyword.groovy:26)
	at com.kms.katalon.core.webui.keyword.builtin.GetTextKeyword$_getText_closure1.doCall(GetTextKeyword.groovy:78)
	at com.kms.katalon.core.webui.keyword.builtin.GetTextKeyword$_getText_closure1.call(GetTextKeyword.groovy)
	at com.kms.katalon.core.webui.keyword.internal.WebUIKeywordMain.runKeyword(WebUIKeywordMain.groovy:20)
	... 19 more]]></system-out>
      <system-err><![CDATA[2022-08-17 11:42:42 - [TEST_SUITE][FAILED] - Login: Test Cases/Negatif Login fb ver 4 FAILED.
Reason:
com.kms.katalon.core.exception.StepFailedException: Unable to get text of object 'Object Repository/email benar, pw salah 1 huruf/Page_Log in to Facebook/alert'
	at com.kms.katalon.core.webui.keyword.internal.WebUIKeywordMain.stepFailed(WebUIKeywordMain.groovy:64)
	at com.kms.katalon.core.webui.keyword.internal.WebUIKeywordMain.runKeyword(WebUIKeywordMain.groovy:26)
	at com.kms.katalon.core.webui.keyword.builtin.GetTextKeyword.getText(GetTextKeyword.groovy:88)
	at com.kms.katalon.core.webui.keyword.builtin.GetTextKeyword.execute(GetTextKeyword.groovy:67)
	at com.kms.katalon.core.keyword.internal.KeywordExecutor.executeKeywordForPlatform(KeywordExecutor.groovy:74)
	at com.kms.katalon.core.webui.keyword.WebUiBuiltInKeywords.getText(WebUiBuiltInKeywords.groovy:918)
	at com.kms.katalon.core.webui.keyword.WebUiBuiltInKeywords$getText$7.call(Unknown Source)
	at Negatif Login fb ver 4.run(Negatif Login fb ver 4:37)
	at com.kms.katalon.core.main.ScriptEngine.run(ScriptEngine.java:194)
	at com.kms.katalon.core.main.ScriptEngine.runScriptAsRawText(ScriptEngine.java:119)
	at com.kms.katalon.core.main.TestCaseExecutor.runScript(TestCaseExecutor.java:445)
	at com.kms.katalon.core.main.TestCaseExecutor.doExecute(TestCaseExecutor.java:436)
	at com.kms.katalon.core.main.TestCaseExecutor.processExecutionPhase(TestCaseExecutor.java:415)
	at com.kms.katalon.core.main.TestCaseExecutor.accessMainPhase(TestCaseExecutor.java:407)
	at com.kms.katalon.core.main.TestCaseExecutor.execute(TestCaseExecutor.java:284)
	at com.kms.katalon.core.common.CommonExecutor.accessTestCaseMainPhase(CommonExecutor.java:65)
	at com.kms.katalon.core.main.TestSuiteExecutor.accessTestSuiteMainPhase(TestSuiteExecutor.java:144)
	at com.kms.katalon.core.main.TestSuiteExecutor.execute(TestSuiteExecutor.java:106)
	at com.kms.katalon.core.main.TestCaseMain.startTestSuite(TestCaseMain.java:185)
	at com.kms.katalon.core.main.TestCaseMain$startTestSuite$0.call(Unknown Source)
	at TempTestSuite1660711319514.run(TempTestSuite1660711319514.groovy:36)
Caused by: org.openqa.selenium.NoSuchWindowException: no such window: target window already closed
from unknown error: web view not found
  (Session info: chrome=104.0.5112.81)
Build info: version: '3.141.59', revision: 'e82be7d358', time: '2018-11-14T08:25:53'
System info: host: 'DESKTOP-JI6AST2', ip: '192.168.137.1', os.name: 'Windows 10', os.arch: 'amd64', os.version: '10.0', java.version: '1.8.0_282'
Driver info: com.kms.katalon.selenium.driver.CChromeDriver
Capabilities {acceptInsecureCerts: false, browserName: chrome, browserVersion: 104.0.5112.81, chrome: {chromedriverVersion: 103.0.5060.53 (a1711811edd7..., userDataDir: C:\Users\WINDOW~1\AppData\L...}, goog:chromeOptions: {debuggerAddress: localhost:53978}, javascriptEnabled: true, networkConnectionEnabled: false, pageLoadStrategy: normal, platform: WINDOWS, platformName: WINDOWS, proxy: Proxy(), setWindowRect: true, strictFileInteractability: false, timeouts: {implicit: 0, pageLoad: 300000, script: 30000}, unhandledPromptBehavior: dismiss and notify, webauthn:extension:credBlob: true, webauthn:extension:largeBlob: true, webauthn:virtualAuthenticators: true}
Session ID: 9404fcf937ee1093c2d327345d115822
*** Element info: {Using=xpath, value=//body/div[@id='u_0_0_MA']/div[@id='globalContainer']/div[@id='content']/div[1]/div[2]/div[2]/form[1]/div[1]/div[2]/div[2]}
	at org.openqa.selenium.remote.http.W3CHttpResponseCodec.createException(W3CHttpResponseCodec.java:187)
	at org.openqa.selenium.remote.http.W3CHttpResponseCodec.decode(W3CHttpResponseCodec.java:122)
	at org.openqa.selenium.remote.http.W3CHttpResponseCodec.decode(W3CHttpResponseCodec.java:49)
	at org.openqa.selenium.remote.HttpCommandExecutor.execute(HttpCommandExecutor.java:158)
	at org.openqa.selenium.remote.service.DriverCommandExecutor.execute(DriverCommandExecutor.java:83)
	at org.openqa.selenium.remote.RemoteWebDriver.execute(RemoteWebDriver.java:552)
	at com.kms.katalon.selenium.driver.CChromeDriver.execute(CChromeDriver.java:19)
	at org.openqa.selenium.remote.RemoteWebDriver.findElements(RemoteWebDriver.java:353)
	at org.openqa.selenium.remote.RemoteWebDriver.findElementsByXPath(RemoteWebDriver.java:432)
	at org.openqa.selenium.By$ByXPath.findElements(By.java:348)
	at org.openqa.selenium.remote.RemoteWebDriver.findElements(RemoteWebDriver.java:311)
	at org.openqa.selenium.support.events.EventFiringWebDriver.lambda$new$1(EventFiringWebDriver.java:105)
	at com.sun.proxy.$Proxy13.findElements(Unknown Source)
	at org.openqa.selenium.support.events.EventFiringWebDriver.findElements(EventFiringWebDriver.java:182)
	at com.kms.katalon.core.webui.common.WebUiCommonHelper.findElementByNormalMethods(WebUiCommonHelper.java:1016)
	at com.kms.katalon.core.webui.common.WebUiCommonHelper.findElementsBySelectedMethod(WebUiCommonHelper.java:911)
	at com.kms.katalon.core.webui.common.WebUiCommonHelper.findElementsBySelectedMethod(WebUiCommonHelper.java:894)
	at com.kms.katalon.core.webui.common.WebUiCommonHelper.findElementsBySelectedMethod(WebUiCommonHelper.java:889)
	at com.kms.katalon.core.webui.common.WebUiCommonHelper.findElementsByDefault(WebUiCommonHelper.java:885)
	at com.kms.katalon.core.webui.common.WebUiCommonHelper.findWebElements(WebUiCommonHelper.java:720)
	at com.kms.katalon.core.webui.common.WebUiCommonHelper.findWebElement(WebUiCommonHelper.java:1365)
	at com.kms.katalon.core.webui.keyword.internal.WebUIAbstractKeyword.findWebElement(WebUIAbstractKeyword.groovy:27)
	at com.kms.katalon.core.webui.keyword.internal.WebUIAbstractKeyword.findWebElement(WebUIAbstractKeyword.groovy:26)
	at com.kms.katalon.core.webui.keyword.builtin.GetTextKeyword$_getText_closure1.doCall(GetTextKeyword.groovy:78)
	at com.kms.katalon.core.webui.keyword.builtin.GetTextKeyword$_getText_closure1.call(GetTextKeyword.groovy)
	at com.kms.katalon.core.webui.keyword.internal.WebUIKeywordMain.runKeyword(WebUIKeywordMain.groovy:20)
	... 19 more]]></system-err>
   </testsuite>
</testsuites>
